<?xml version="1.0" encoding="UTF-8"?>
<testng-results ignored="0" total="2" passed="2" failed="0" skipped="0">
  <reporter-output>
  </reporter-output>
  <suite started-at="2025-05-17T20:29:33 IST" name="Suite" finished-at="2025-05-17T20:30:11 IST" duration-ms="38145">
    <groups>
    </groups>
    <test started-at="2025-05-17T20:29:33 IST" name="Test" finished-at="2025-05-17T20:29:57 IST" duration-ms="23924">
      <class name="testClass.Logintestcase">
        <test-method is-config="true" signature="setup(java.lang.String,java.lang.String)[pri:0, instance:testClass.Logintestcase@52bf72b5]" started-at="2025-05-17T20:29:34 IST" name="setup" finished-at="2025-05-17T20:29:46 IST" duration-ms="11576" status="PASS">
          <params>
            <param index="0">
              <value>
                <![CDATA[windows]]>
              </value>
            </param>
            <param index="1">
              <value>
                <![CDATA[chrome]]>
              </value>
            </param>
          </params>
          <reporter-output>
          </reporter-output>
        </test-method> <!-- setup -->
        <test-method signature="loginAccount()[pri:0, instance:testClass.Logintestcase@52bf72b5]" started-at="2025-05-17T20:29:46 IST" name="loginAccount" finished-at="2025-05-17T20:29:57 IST" duration-ms="11086" status="PASS">
          <reporter-output>
          </reporter-output>
        </test-method> <!-- loginAccount -->
      </class> <!-- testClass.Logintestcase -->
    </test> <!-- Test -->
    <test started-at="2025-05-17T20:29:33 IST" name="Test1" finished-at="2025-05-17T20:30:11 IST" duration-ms="38145">
      <class name="testClass.opencartaccountregistration">
        <test-method is-config="true" signature="setup(java.lang.String,java.lang.String)[pri:0, instance:testClass.opencartaccountregistration@74f0ea28]" started-at="2025-05-17T20:29:34 IST" name="setup" finished-at="2025-05-17T20:30:01 IST" duration-ms="26735" status="PASS">
          <params>
            <param index="0">
              <value>
                <![CDATA[windows]]>
              </value>
            </param>
            <param index="1">
              <value>
                <![CDATA[edge]]>
              </value>
            </param>
          </params>
          <reporter-output>
          </reporter-output>
        </test-method> <!-- setup -->
        <test-method signature="registration()[pri:0, instance:testClass.opencartaccountregistration@74f0ea28]" started-at="2025-05-17T20:30:01 IST" name="registration" finished-at="2025-05-17T20:30:11 IST" duration-ms="10338" status="PASS">
          <reporter-output>
          </reporter-output>
        </test-method> <!-- registration -->
      </class> <!-- testClass.opencartaccountregistration -->
    </test> <!-- Test1 -->
  </suite> <!-- Suite -->
</testng-results>
